<?xml version="1.0" encoding="UTF-8"?>
<coverage generated="1669196858181" clover="3.2.0">
  <project timestamp="1669196858181" name="All files">
    <metrics statements="6" coveredstatements="6" conditionals="4" coveredconditionals="4" methods="2" coveredmethods="2" elements="12" coveredelements="12" complexity="0" loc="6" ncloc="6" packages="1" files="1" classes="1"/>
    <file name="errors.ts" path="/Users/carlosdelblanco/Library/Mobile Documents/com~apple~CloudDocs/Coding/ISDI/Proyecto final (Somos Comercio)/Somos Comercio (back)/src/server/middlewares/errors/errors.ts">
      <metrics statements="6" coveredstatements="6" conditionals="4" coveredconditionals="4" methods="2" coveredmethods="2"/>
      <line num="4" count="1" type="stmt"/>
      <line num="5" count="1" type="stmt"/>
      <line num="8" count="1" type="stmt"/>
      <line num="15" count="1" type="cond" truecount="2" falsecount="0"/>
      <line num="16" count="1" type="cond" truecount="2" falsecount="0"/>
      <line num="17" count="1" type="stmt"/>
    </file>
  </project>
</coverage>
