{"/Users/carlosdelblanco/Library/Mobile Documents/com~apple~CloudDocs/Coding/ISDI/Proyecto final (Somos Comercio)/Somos Comercio (back)/src/server/middlewares/errors/errors.ts": {"path":"/Users/carlosdelblanco/Library/Mobile Documents/com~apple~CloudDocs/Coding/ISDI/Proyecto final (Somos Comercio)/Somos Comercio (back)/src/server/middlewares/errors/errors.ts","statementMap":{"0":{"start":{"line":4,"column":29},"end":{"line":6,"column":1}},"1":{"start":{"line":5,"column":2},"end":{"line":5,"column":56}},"2":{"start":{"line":4,"column":13},"end":{"line":4,"column":29}},"3":{"start":{"line":8,"column":28},"end":{"line":18,"column":1}},"4":{"start":{"line":15,"column":21},"end":{"line":15,"column":44}},"5":{"start":{"line":16,"column":26},"end":{"line":16,"column":66}},"6":{"start":{"line":17,"column":2},"end":{"line":17,"column":58}},"7":{"start":{"line":8,"column":13},"end":{"line":8,"column":28}}},"fnMap":{"0":{"name":"(anonymous_0)","decl":{"start":{"line":4,"column":29},"end":{"line":4,"column":30}},"loc":{"start":{"line":4,"column":61},"end":{"line":6,"column":1}}},"1":{"name":"(anonymous_1)","decl":{"start":{"line":8,"column":28},"end":{"line":8,"column":null}},"loc":{"start":{"line":14,"column":4},"end":{"line":18,"column":1}}}},"branchMap":{"0":{"loc":{"start":{"line":15,"column":21},"end":{"line":15,"column":44}},"type":"binary-expr","locations":[{"start":{"line":15,"column":21},"end":{"line":15,"column":37}},{"start":{"line":15,"column":41},"end":{"line":15,"column":44}}]},"1":{"loc":{"start":{"line":16,"column":26},"end":{"line":16,"column":66}},"type":"binary-expr","locations":[{"start":{"line":16,"column":26},"end":{"line":16,"column":47}},{"start":{"line":16,"column":51},"end":{"line":16,"column":66}}]}},"s":{"0":1,"1":1,"2":1,"3":1,"4":1,"5":1,"6":1,"7":1},"f":{"0":1,"1":1},"b":{"0":[1,1],"1":[1,1]}}
}
